c:\university\4_term\псп\lab08-10\concurrentserver\debug\vc142.pdb
c:\university\4_term\псп\lab08-10\concurrentserver\debug\vc142.idb
c:\university\4_term\псп\lab08-10\concurrentserver\debug\errors.obj
c:\university\4_term\псп\lab08-10\concurrentserver\debug\concurrentserver.obj
c:\university\4_term\псп\lab08-10\debug\concurrentserver.exe
c:\university\4_term\псп\lab08-10\concurrentserver\debug\concurrentserver.ilk
c:\university\4_term\псп\lab08-10\debug\concurrentserver.pdb
d:\уник\семестр 4\псп\mylabs\lab08-10\concurrentserver\debug\concurrentserver.obj
d:\уник\семестр 4\псп\mylabs\lab08-10\concurrentserver\debug\errors.obj
d:\уник\семестр 4\псп\mylabs\lab08-10\concurrentserver\debug\concurrentserver.ilk
d:\уник\семестр 4\псп\mylabs\lab08-10\concurrentserver\debug\win32project1.exp
d:\уник\семестр 4\псп\mylabs\lab08-10\concurrentserver\debug\vc142.idb
d:\уник\семестр 4\псп\mylabs\lab08-10\concurrentserver\debug\clientt.pdb
d:\уник\семестр 4\псп\mylabs\lab08-10\concurrentserver\debug\concurrentserver.pdb
d:\уник\семестр 4\псп\mylabs\lab08-10\concurrentserver\debug\rconsole.pdb
d:\уник\семестр 4\псп\mylabs\lab08-10\concurrentserver\debug\vc142.pdb
d:\уник\семестр 4\псп\mylabs\lab08-10\concurrentserver\debug\win32project1.pdb
d:\уник\семестр 4\псп\mylabs\lab08-10\debug\concurrentserver.pdb
d:\уник\семестр 4\псп\mylabs\lab08-10\debug\concurrentserver.exe
d:\уник\семестр 4\псп\mylabs\lab08-10\concurrentserver\debug\concurrentserver.tlog\cl.command.1.tlog
d:\уник\семестр 4\псп\mylabs\lab08-10\concurrentserver\debug\concurrentserver.tlog\cl.read.1.tlog
d:\уник\семестр 4\псп\mylabs\lab08-10\concurrentserver\debug\concurrentserver.tlog\cl.write.1.tlog
d:\уник\семестр 4\псп\mylabs\lab08-10\concurrentserver\debug\concurrentserver.tlog\link.command.1.tlog
d:\уник\семестр 4\псп\mylabs\lab08-10\concurrentserver\debug\concurrentserver.tlog\link.read.1.tlog
d:\уник\семестр 4\псп\mylabs\lab08-10\concurrentserver\debug\concurrentserver.tlog\link.write.1.tlog
