c:\university\4_term\псп\lab08-10\clientb\debug\vc142.pdb
c:\university\4_term\псп\lab08-10\clientb\debug\vc142.idb
c:\university\4_term\псп\lab08-10\clientb\debug\errors.obj
c:\university\4_term\псп\lab08-10\clientb\debug\clientb.obj
c:\university\4_term\псп\lab08-10\debug\clientb.exe
c:\university\4_term\псп\lab08-10\clientb\debug\clientb.ilk
c:\university\4_term\псп\lab08-10\debug\clientb.pdb
d:\уник\семестр 4\псп\mylabs\lab08-10\clientb\debug\clientb.obj
d:\уник\семестр 4\псп\mylabs\lab08-10\clientb\debug\errors.obj
d:\уник\семестр 4\псп\mylabs\lab08-10\clientb\debug\clientb.ilk
d:\уник\семестр 4\псп\mylabs\lab08-10\clientb\debug\vc142.idb
d:\уник\семестр 4\псп\mylabs\lab08-10\clientb\debug\vc142.pdb
d:\уник\семестр 4\псп\mylabs\lab08-10\debug\clientb.pdb
d:\уник\семестр 4\псп\mylabs\lab08-10\debug\clientb.exe
d:\уник\семестр 4\псп\mylabs\lab08-10\clientb\debug\clientb.tlog\cl.command.1.tlog
d:\уник\семестр 4\псп\mylabs\lab08-10\clientb\debug\clientb.tlog\cl.read.1.tlog
d:\уник\семестр 4\псп\mylabs\lab08-10\clientb\debug\clientb.tlog\cl.write.1.tlog
d:\уник\семестр 4\псп\mylabs\lab08-10\clientb\debug\clientb.tlog\link.command.1.tlog
d:\уник\семестр 4\псп\mylabs\lab08-10\clientb\debug\clientb.tlog\link.read.1.tlog
d:\уник\семестр 4\псп\mylabs\lab08-10\clientb\debug\clientb.tlog\link.write.1.tlog
