c:\university\4_term\псп\lab08-10\servicelibrary\debug\servicelibrary.pch
c:\university\4_term\псп\lab08-10\servicelibrary\debug\vc142.pdb
c:\university\4_term\псп\lab08-10\servicelibrary\debug\vc142.idb
c:\university\4_term\псп\lab08-10\servicelibrary\debug\errors.obj
c:\university\4_term\псп\lab08-10\servicelibrary\debug\servicelibrary.obj
c:\university\4_term\псп\lab08-10\debug\servicelibrary.dll
c:\university\4_term\псп\lab08-10\servicelibrary\debug\servicelibrary.ilk
c:\university\4_term\псп\lab08-10\debug\servicelibrary.pdb
c:\university\4_term\псп\lab08-10\debug\servicelibrary.lib
c:\university\4_term\псп\lab08-10\debug\servicelibrary.exp
d:\уник\семестр 4\псп\mylabs\lab08-10\servicelibrary\debug\errorfunctions.obj
d:\уник\семестр 4\псп\mylabs\lab08-10\servicelibrary\debug\errors.obj
d:\уник\семестр 4\псп\mylabs\lab08-10\servicelibrary\debug\servicelibrary.obj
d:\уник\семестр 4\псп\mylabs\lab08-10\servicelibrary\debug\servicelibrary.ilk
d:\уник\семестр 4\псп\mylabs\lab08-10\servicelibrary\debug\servicelibrary.pch
d:\уник\семестр 4\псп\mylabs\lab08-10\servicelibrary\debug\vc142.idb
d:\уник\семестр 4\псп\mylabs\lab08-10\servicelibrary\debug\vc142.pdb
d:\уник\семестр 4\псп\mylabs\lab08-10\debug\servicelibrary.pdb
d:\уник\семестр 4\псп\mylabs\lab08-10\debug\servicelibrary.dll
d:\уник\семестр 4\псп\mylabs\lab08-10\servicelibrary\debug\servicelibrary.tlog\cl.command.1.tlog
d:\уник\семестр 4\псп\mylabs\lab08-10\servicelibrary\debug\servicelibrary.tlog\cl.read.1.tlog
d:\уник\семестр 4\псп\mylabs\lab08-10\servicelibrary\debug\servicelibrary.tlog\cl.write.1.tlog
d:\уник\семестр 4\псп\mylabs\lab08-10\servicelibrary\debug\servicelibrary.tlog\link.command.1.tlog
d:\уник\семестр 4\псп\mylabs\lab08-10\servicelibrary\debug\servicelibrary.tlog\link.read.1.tlog
d:\уник\семестр 4\псп\mylabs\lab08-10\servicelibrary\debug\servicelibrary.tlog\link.write.1.tlog
d:\уник\семестр 4\псп\mylabs\lab08-10\servicelibrary\debug\servicelibrary.tlog\servicelibrary.write.1u.tlog
