c:\university\4_term\псп\lab08-10\rconsole\debug\vc142.pdb
c:\university\4_term\псп\lab08-10\rconsole\debug\vc142.idb
c:\university\4_term\псп\lab08-10\rconsole\debug\rconsole.obj
c:\university\4_term\псп\lab08-10\rconsole\debug\errors.obj
c:\university\4_term\псп\lab08-10\debug\rconsole.exe
c:\university\4_term\псп\lab08-10\rconsole\debug\rconsole.ilk
c:\university\4_term\псп\lab08-10\debug\rconsole.pdb
d:\уник\семестр 4\псп\mylabs\lab08-10\rconsole\debug\errors.obj
d:\уник\семестр 4\псп\mylabs\lab08-10\rconsole\debug\rconsole.obj
d:\уник\семестр 4\псп\mylabs\lab08-10\rconsole\debug\rconsole.ilk
d:\уник\семестр 4\псп\mylabs\lab08-10\rconsole\debug\vc142.idb
d:\уник\семестр 4\псп\mylabs\lab08-10\rconsole\debug\vc142.pdb
d:\уник\семестр 4\псп\mylabs\lab08-10\debug\rconsole.pdb
d:\уник\семестр 4\псп\mylabs\lab08-10\debug\rconsole.exe
d:\уник\семестр 4\псп\mylabs\lab08-10\rconsole\debug\rconsole.tlog\cl.command.1.tlog
d:\уник\семестр 4\псп\mylabs\lab08-10\rconsole\debug\rconsole.tlog\cl.read.1.tlog
d:\уник\семестр 4\псп\mylabs\lab08-10\rconsole\debug\rconsole.tlog\cl.write.1.tlog
d:\уник\семестр 4\псп\mylabs\lab08-10\rconsole\debug\rconsole.tlog\link.command.1.tlog
d:\уник\семестр 4\псп\mylabs\lab08-10\rconsole\debug\rconsole.tlog\link.read.1.tlog
d:\уник\семестр 4\псп\mylabs\lab08-10\rconsole\debug\rconsole.tlog\link.write.1.tlog
