c:\university\4_term\псп\lab08-10\clientt\debug\vc142.pdb
c:\university\4_term\псп\lab08-10\clientt\debug\vc142.idb
c:\university\4_term\псп\lab08-10\clientt\debug\errors.obj
c:\university\4_term\псп\lab08-10\clientt\debug\clientt.obj
c:\university\4_term\псп\lab08-10\debug\clientt.exe
c:\university\4_term\псп\lab08-10\clientt\debug\clientt.ilk
c:\university\4_term\псп\lab08-10\debug\clientt.pdb
d:\уник\семестр 4\псп\mylabs\lab08-10\clientt\debug\clientt.obj
d:\уник\семестр 4\псп\mylabs\lab08-10\clientt\debug\errors.obj
d:\уник\семестр 4\псп\mylabs\lab08-10\clientt\debug\clientt.ilk
d:\уник\семестр 4\псп\mylabs\lab08-10\clientt\debug\vc142.idb
d:\уник\семестр 4\псп\mylabs\lab08-10\clientt\debug\vc142.pdb
d:\уник\семестр 4\псп\mylabs\lab08-10\debug\clientt.pdb
d:\уник\семестр 4\псп\mylabs\lab08-10\debug\clientt.exe
d:\уник\семестр 4\псп\mylabs\lab08-10\clientt\debug\clientt.tlog\cl.command.1.tlog
d:\уник\семестр 4\псп\mylabs\lab08-10\clientt\debug\clientt.tlog\cl.read.1.tlog
d:\уник\семестр 4\псп\mylabs\lab08-10\clientt\debug\clientt.tlog\cl.write.1.tlog
d:\уник\семестр 4\псп\mylabs\lab08-10\clientt\debug\clientt.tlog\link.command.1.tlog
d:\уник\семестр 4\псп\mylabs\lab08-10\clientt\debug\clientt.tlog\link.read.1.tlog
d:\уник\семестр 4\псп\mylabs\lab08-10\clientt\debug\clientt.tlog\link.write.1.tlog
